<?xml version="1.0" encoding="UTF-8"?>
<!-- Generated by org.testng.reporters.JUnitReportReporter -->
<testsuite hostname="suriya" failures="0" tests="1" name="DemoWebshop.TC_001Test" time="2.133" errors="0" timestamp="2023-12-17T01:14:10 IST" skipped="0">
  <testcase classname="DemoWebshop.TC_001Test" name="test" time="2.133"/>
  <system-out/>
</testsuite> <!-- DemoWebshop.TC_001Test -->
