<?xml version="1.0" encoding="UTF-8"?>
<!-- Generated by org.testng.reporters.JUnitReportReporter -->
<testsuite hostname="suriya" failures="0" tests="1" name="Extentreport.Demo" time="0.991" errors="0" timestamp="2023-12-20T10:38:34 IST" skipped="0">
  <testcase classname="Extentreport.Demo" name="extentReport" time="0.991"/>
  <system-out/>
</testsuite> <!-- Extentreport.Demo -->
