<?xml version="1.0" encoding="UTF-8"?>
<!-- Generated by org.testng.reporters.JUnitReportReporter -->
<testsuite hostname="suriya" failures="0" tests="1" name="Extentreport.AddScreenShotWithExtentReport" time="8.401" errors="0" timestamp="2023-12-20T10:42:34 IST" skipped="0">
  <testcase classname="Extentreport.AddScreenShotWithExtentReport" name="addScreenshot" time="8.401"/>
  <system-out/>
</testsuite> <!-- Extentreport.AddScreenShotWithExtentReport -->
